<?xml version="1.0" encoding="UTF-8"?>
<!-- Generated by org.testng.reporters.JUnitXMLReporter -->
<testsuite ignored="1" hostname="Pragati" failures="0" tests="2" name="Default test" time="0.062" errors="0" timestamp="16 Dec 2024 08:16:59 GMT">
  <testcase classname="TestNg_use.TestNg_Enable" name="register" time="0.016"/>
  <testcase classname="TestNg_use.TestNg_Enable" name="addCart" time="0.002"/>
  <testcase classname="TestNg_use.TestNg_Enable" name="login" time="0.0">
    <ignored/>
  </testcase> <!-- login -->
</testsuite> <!-- Default test -->
