<?xml version="1.0" encoding="UTF-8"?>
<testng-results ignored="1" total="3" passed="2" failed="0" skipped="0">
  <reporter-output>
    <line>
      <![CDATA[Register test script execute successfully]]>
    </line>
    <line>
      <![CDATA[Add Cart test script execute successfully]]>
    </line>
  </reporter-output>
  <suite started-at="2024-12-16T08:16:59Z" name="Default suite" finished-at="2024-12-16T08:16:59Z" duration-ms="62">
    <groups>
    </groups>
    <test started-at="2024-12-16T08:16:59Z" name="Default test" finished-at="2024-12-16T08:16:59Z" duration-ms="62">
      <class name="TestNg_use.TestNg_Enable">
        <test-method signature="register()[pri:2, instance:TestNg_use.TestNg_Enable@14028087]" started-at="2024-12-16T08:16:59Z" name="register" finished-at="2024-12-16T08:16:59Z" duration-ms="16" status="PASS">
          <reporter-output>
            <line>
              <![CDATA[Register test script execute successfully]]>
            </line>
          </reporter-output>
        </test-method> <!-- register -->
        <test-method signature="addCart()[pri:3, instance:TestNg_use.TestNg_Enable@14028087]" started-at="2024-12-16T08:16:59Z" name="addCart" finished-at="2024-12-16T08:16:59Z" duration-ms="2" status="PASS">
          <reporter-output>
            <line>
              <![CDATA[Add Cart test script execute successfully]]>
            </line>
          </reporter-output>
        </test-method> <!-- addCart -->
      </class> <!-- TestNg_use.TestNg_Enable -->
    </test> <!-- Default test -->
  </suite> <!-- Default suite -->
</testng-results>
